2/25/2019 3:06:33 PM	This log contains information about the import schema operation into project 'Unified Claims Analytics' on computer 'LT-TMCGOWEN' by user 'tmcgowen'.
2/25/2019 3:06:33 PM	Import of database schema has started.
2/25/2019 3:06:40 PM	Gathering database options
2/25/2019 3:06:40 PM	Gathering users
2/25/2019 3:06:40 PM	Gathering roles
2/25/2019 3:06:40 PM	Gathering application roles
2/25/2019 3:06:40 PM	Gathering role memberships
2/25/2019 3:06:40 PM	Gathering filegroups
2/25/2019 3:06:40 PM	Gathering full-text catalogs
2/25/2019 3:06:40 PM	Gathering assemblies
2/25/2019 3:06:40 PM	Gathering certificates
2/25/2019 3:06:40 PM	Gathering asymmetric keys
2/25/2019 3:06:40 PM	Gathering symmetric keys
2/25/2019 3:06:40 PM	Gathering encrypted symmetric keys
2/25/2019 3:06:40 PM	Gathering schemas
2/25/2019 3:06:40 PM	Gathering XML schema collections
2/25/2019 3:06:40 PM	Gathering user-defined data types
2/25/2019 3:06:40 PM	Gathering user-defined types
2/25/2019 3:06:40 PM	Gathering table types
2/25/2019 3:06:40 PM	Gathering unique keys for table types
2/25/2019 3:06:40 PM	Gathering primary keys for table types
2/25/2019 3:06:40 PM	Gathering indexes for table types
2/25/2019 3:06:40 PM	Gathering check constraints for table types
2/25/2019 3:06:40 PM	Gathering default constraints for table types
2/25/2019 3:06:40 PM	Gathering partition functions
2/25/2019 3:06:40 PM	Gathering partition schemes
2/25/2019 3:06:40 PM	Gathering functions
2/25/2019 3:06:40 PM	Gathering encrypted functions
2/25/2019 3:06:40 PM	Gathering aggregates
2/25/2019 3:06:40 PM	Gathering procedures
2/25/2019 3:06:40 PM	Gathering encrypted procedures
2/25/2019 3:06:40 PM	Gathering tables
2/25/2019 3:06:40 PM	Gathering primary keys
2/25/2019 3:06:40 PM	Gathering unique constraints
2/25/2019 3:06:40 PM	Gathering foreign keys
2/25/2019 3:06:40 PM	Gathering default constraints
2/25/2019 3:06:40 PM	Gathering check constraints
2/25/2019 3:06:40 PM	Gathering views
2/25/2019 3:06:40 PM	Gathering encrypted views
2/25/2019 3:06:40 PM	Gathering indexes
2/25/2019 3:06:40 PM	Gathering statistics
2/25/2019 3:06:40 PM	Gathering full-text index stoplists
2/25/2019 3:06:40 PM	Gathering search property lists
2/25/2019 3:06:40 PM	Gathering search properties
2/25/2019 3:06:40 PM	Gathering full-text indexes
2/25/2019 3:06:40 PM	Gathering column store indexes
2/25/2019 3:06:40 PM	Gathering spatial indexes
2/25/2019 3:06:40 PM	Gathering XML indexes
2/25/2019 3:06:40 PM	Gathering Selective XML indexes
2/25/2019 3:06:40 PM	Gathering encrypted triggers
2/25/2019 3:06:40 PM	Gathering triggers
2/25/2019 3:06:40 PM	Gathering encrypted and clr ddl triggers
2/25/2019 3:06:40 PM	Gathering ddl triggers
2/25/2019 3:06:40 PM	Gathering synonyms
2/25/2019 3:06:40 PM	Gathering defaults
2/25/2019 3:06:40 PM	Gathering data constraint uddt bindings
2/25/2019 3:06:40 PM	Gathering rules
2/25/2019 3:06:40 PM	Gathering data constraint uddt bindings
2/25/2019 3:06:40 PM	Gathering message types
2/25/2019 3:06:40 PM	Gathering queues
2/25/2019 3:06:40 PM	Gathering contracts
2/25/2019 3:06:40 PM	Gathering services
2/25/2019 3:06:40 PM	Gathering event notifications
2/25/2019 3:06:40 PM	Gathering remote service bindings
2/25/2019 3:06:40 PM	Gathering broker priorities
2/25/2019 3:06:40 PM	Gathering signatures
2/25/2019 3:06:40 PM	Gathering data compression options
2/25/2019 3:06:40 PM	Gathering sequence types
2/25/2019 3:06:40 PM	Gathering extended properties
2/25/2019 3:06:40 PM	Gathering credentials
2/25/2019 3:06:40 PM	Gathering logins
2/25/2019 3:06:40 PM	Gathering server audits
2/25/2019 3:06:41 PM	Scanning project for duplicate elements
2/25/2019 3:06:41 PM	Finished duplicate element processing
2/25/2019 3:06:41 PM	Finished importing database.
2/25/2019 3:06:41 PM	A summary of the import was saved to the following location: C:\Users\tmcgowen\OneDrive - U.S. Preventive Medicine\Projects\Github\ClaimsAppDev\Unified Claims Analytics\Import Schema Logs\Unified Claims Analy_20190225080633.log
2/25/2019 3:06:41 PM	Click Finish to continue...
